<?xml version="1.0" encoding="UTF-8"?>
<testng-results ignored="0" total="1" passed="1" failed="0" skipped="0">
  <reporter-output>
  </reporter-output>
  <suite started-at="2024-10-05T17:09:12Z" name="Default suite" finished-at="2024-10-05T17:10:01Z" duration-ms="49888">
    <groups>
    </groups>
    <test started-at="2024-10-05T17:09:12Z" name="Default test" finished-at="2024-10-05T17:10:01Z" duration-ms="49888">
      <class name="pruebatestNG.Selenium_Test">
        <test-method signature="f()[pri:0, instance:pruebatestNG.Selenium_Test@66f57048]" started-at="2024-10-05T11:09:12Z" name="f" finished-at="2024-10-05T11:10:01Z" duration-ms="49635" status="PASS">
          <reporter-output>
          </reporter-output>
        </test-method> <!-- f -->
      </class> <!-- pruebatestNG.Selenium_Test -->
    </test> <!-- Default test -->
  </suite> <!-- Default suite -->
</testng-results>
